1529840904198	geckodriver	INFO	geckodriver 0.18.0
1529840904204	geckodriver	INFO	Listening on 127.0.0.1:51724
1529840905281	geckodriver::marionette	INFO	Starting browser /Applications/Firefox.app/Contents/MacOS/firefox-bin with args ["-marionette"]
2018-06-24 12:48:28.944 plugin-container[41203:6290760] *** CFMessagePort: bootstrap_register(): failed 1100 (0x44c) 'Permission denied', port = 0x883f, name = 'com.apple.tsm.portname'
See /usr/include/servers/bootstrap_defs.h for the error codes.
1529840909396	Marionette	INFO	Listening on port 51732
1529840909414	Marionette	WARN	TLS certificate errors will be ignored for this session
2018-06-24 12:48:29.878 plugin-container[41204:6290879] *** CFMessagePort: bootstrap_register(): failed 1100 (0x44c) 'Permission denied', port = 0x8943, name = 'com.apple.tsm.portname'
See /usr/include/servers/bootstrap_defs.h for the error codes.
JavaScript warning: https://www.googletagmanager.com/gtag/js?id=UA-58643-34, line 68: unreachable code after return statement
JavaScript warning: https://www.googletagmanager.com/gtag/js?id=UA-58643-34, line 68: unreachable code after return statement
1529841113582	geckodriver	INFO	geckodriver 0.18.0
1529841113587	geckodriver	INFO	Listening on 127.0.0.1:51928
1529841114655	geckodriver::marionette	INFO	Starting browser /Applications/Firefox.app/Contents/MacOS/firefox-bin with args ["-marionette"]
2018-06-24 12:51:55.896 plugin-container[41251:6293884] *** CFMessagePort: bootstrap_register(): failed 1100 (0x44c) 'Permission denied', port = 0x8c03, name = 'com.apple.tsm.portname'
See /usr/include/servers/bootstrap_defs.h for the error codes.
1529841116258	Marionette	INFO	Listening on port 51935
1529841116326	Marionette	WARN	TLS certificate errors will be ignored for this session
2018-06-24 12:51:56.798 plugin-container[41252:6294130] *** CFMessagePort: bootstrap_register(): failed 1100 (0x44c) 'Permission denied', port = 0x763f, name = 'com.apple.tsm.portname'
See /usr/include/servers/bootstrap_defs.h for the error codes.
JavaScript warning: https://www.googletagmanager.com/gtag/js?id=UA-58643-34, line 68: unreachable code after return statement
JavaScript warning: https://www.googletagmanager.com/gtag/js?id=UA-58643-34, line 68: unreachable code after return statement
2018-06-24 17:34:06.210 plugin-container[42377:6388283] *** CFMessagePort: bootstrap_register(): failed 1100 (0x44c) 'Permission denied', port = 0x753f, name = 'com.apple.tsm.portname'
See /usr/include/servers/bootstrap_defs.h for the error codes.
2018-06-24 17:34:09.866 plugin-container[42378:6388390] *** CFMessagePort: bootstrap_register(): failed 1100 (0x44c) 'Permission denied', port = 0x733f, name = 'com.apple.tsm.portname'
See /usr/include/servers/bootstrap_defs.h for the error codes.
2018-06-24 17:34:12.951 plugin-container[42379:6388495] *** CFMessagePort: bootstrap_register(): failed 1100 (0x44c) 'Permission denied', port = 0x8503, name = 'com.apple.tsm.portname'
See /usr/include/servers/bootstrap_defs.h for the error codes.
